<?xml version="1.0" encoding="UTF-8"?>
<!-- Generated by org.testng.reporters.JUnitReportReporter -->
<testsuite hostname="DESKTOP-6L0PV5U" failures="0" tests="1" name="Selenium.Project1.Leafground_Radio" time="5.062" errors="0" timestamp="14 Jun 2021 10:31:42 GMT" skipped="0">
  <testcase classname="Selenium.Project1.Leafground_Radio" name="buttons" time="5.062"/>
</testsuite> <!-- Selenium.Project1.Leafground_Radio -->
