<?xml version="1.0" encoding="UTF-8"?>
<!-- Generated by org.testng.reporters.JUnitReportReporter -->
<testsuite hostname="DESKTOP-6L0PV5U" failures="0" tests="1" name="Selenium.Project1.Leafground_Table" time="4.547" errors="0" timestamp="15 Jun 2021 03:04:25 GMT" skipped="0">
  <testcase classname="Selenium.Project1.Leafground_Table" name="tablee" time="4.547"/>
</testsuite> <!-- Selenium.Project1.Leafground_Table -->
